# JRE version: Java(TM) SE Runtime Environment (8.0_45-b15) (build 1.8.0_45-b15)
# Java VM: Java HotSpot(TM) 64-Bit Server VM (25.45-b02 mixed mode windows-amd64 compressed oops)
Heap:
 PSYoungGen      total 641024K, used 531548K [0x00000000d5f80000, 0x0000000100000000, 0x0000000100000000)
  eden space 615936K, 86% used [0x00000000d5f80000,0x00000000f66973b0,0x00000000fb900000)
  from space 25088K, 0% used [0x00000000fe780000,0x00000000fe780000,0x0000000100000000)
  to   space 36352K, 0% used [0x00000000fb900000,0x00000000fb900000,0x00000000fdc80000)
 ParOldGen       total 167936K, used 69715K [0x0000000081e00000, 0x000000008c200000, 0x00000000d5f80000)
  object space 167936K, 41% used [0x0000000081e00000,0x0000000086214ff8,0x000000008c200000)
 Metaspace       used 97833K, capacity 98726K, committed 99224K, reserved 1136640K
  class space    used 12485K, capacity 12694K, committed 12712K, reserved 1048576K
GC Heap History (10 events):
Event: 14.967 GC heap before
{Heap before GC invocations=16 (full 3):
 PSYoungGen      total 632320K, used 9194K [0x00000000d5f80000, 0x0000000100000000, 0x0000000100000000)
  eden space 613376K, 0% used [0x00000000d5f80000,0x00000000d5f80000,0x00000000fb680000)
  from space 18944K, 48% used [0x00000000fb680000,0x00000000fbf7ab10,0x00000000fc900000)
  to   space 17920K, 0% used [0x00000000fee80000,0x00000000fee80000,0x0000000100000000)
 ParOldGen       total 74240K, used 38157K [0x0000000081e00000, 0x0000000086680000, 0x00000000d5f80000)
  object space 74240K, 51% used [0x0000000081e00000,0x0000000084343530,0x0000000086680000)
 Metaspace       used 58277K, capacity 58650K, committed 59160K, reserved 1101824K
  class space    used 7385K, capacity 7459K, committed 7464K, reserved 1048576K
Event: 15.289 GC heap after
Heap after GC invocations=16 (full 3):
 PSYoungGen      total 632320K, used 0K [0x00000000d5f80000, 0x0000000100000000, 0x0000000100000000)
  eden space 613376K, 0% used [0x00000000d5f80000,0x00000000d5f80000,0x00000000fb680000)
  from space 18944K, 0% used [0x00000000fb680000,0x00000000fb680000,0x00000000fc900000)
  to   space 17920K, 0% used [0x00000000fee80000,0x00000000fee80000,0x0000000100000000)
 ParOldGen       total 104448K, used 37115K [0x0000000081e00000, 0x0000000088400000, 0x00000000d5f80000)
  object space 104448K, 35% used [0x0000000081e00000,0x000000008423ee20,0x0000000088400000)
 Metaspace       used 58274K, capacity 58644K, committed 59160K, reserved 1101824K
  class space    used 7385K, capacity 7458K, committed 7464K, reserved 1048576K
}
Event: 18.972 GC heap before
{Heap before GC invocations=17 (full 3):
 PSYoungGen      total 632320K, used 613376K [0x00000000d5f80000, 0x0000000100000000, 0x0000000100000000)
  eden space 613376K, 100% used [0x00000000d5f80000,0x00000000fb680000,0x00000000fb680000)
  from space 18944K, 0% used [0x00000000fb680000,0x00000000fb680000,0x00000000fc900000)
  to   space 17920K, 0% used [0x00000000fee80000,0x00000000fee80000,0x0000000100000000)
 ParOldGen       total 104448K, used 37115K [0x0000000081e00000, 0x0000000088400000, 0x00000000d5f80000)
  object space 104448K, 35% used [0x0000000081e00000,0x000000008423ee20,0x0000000088400000)
 Metaspace       used 76616K, capacity 77112K, committed 77848K, reserved 1118208K
  class space    used 9838K, capacity 9930K, committed 10024K, reserved 1048576K
Event: 19.009 GC heap after
Heap after GC invocations=17 (full 3):
 PSYoungGen      total 656384K, used 17905K [0x00000000d5f80000, 0x0000000100000000, 0x0000000100000000)
  eden space 638464K, 0% used [0x00000000d5f80000,0x00000000d5f80000,0x00000000fcf00000)
  from space 17920K, 99% used [0x00000000fee80000,0x00000000ffffc5b0,0x0000000100000000)
  to   space 25088K, 0% used [0x00000000fcf00000,0x00000000fcf00000,0x00000000fe780000)
 ParOldGen       total 104448K, used 49342K [0x0000000081e00000, 0x0000000088400000, 0x00000000d5f80000)
  object space 104448K, 47% used [0x0000000081e00000,0x0000000084e2fbc0,0x0000000088400000)
 Metaspace       used 76616K, capacity 77112K, committed 77848K, reserved 1118208K
  class space    used 9838K, capacity 9930K, committed 10024K, reserved 1048576K
}
Event: 23.210 GC heap before
{Heap before GC invocations=18 (full 3):
 PSYoungGen      total 656384K, used 656369K [0x00000000d5f80000, 0x0000000100000000, 0x0000000100000000)
  eden space 638464K, 100% used [0x00000000d5f80000,0x00000000fcf00000,0x00000000fcf00000)
  from space 17920K, 99% used [0x00000000fee80000,0x00000000ffffc5b0,0x0000000100000000)
  to   space 25088K, 0% used [0x00000000fcf00000,0x00000000fcf00000,0x00000000fe780000)
 ParOldGen       total 104448K, used 49342K [0x0000000081e00000, 0x0000000088400000, 0x00000000d5f80000)
  object space 104448K, 47% used [0x0000000081e00000,0x0000000084e2fbc0,0x0000000088400000)
 Metaspace       used 95586K, capacity 96394K, committed 96920K, reserved 1134592K
  class space    used 12226K, capacity 12401K, committed 12456K, reserved 1048576K
Event: 23.267 GC heap after
Heap after GC invocations=18 (full 3):
 PSYoungGen      total 663552K, used 25080K [0x00000000d5f80000, 0x0000000100000000, 0x0000000100000000)
  eden space 638464K, 0% used [0x00000000d5f80000,0x00000000d5f80000,0x00000000fcf00000)
  from space 25088K, 99% used [0x00000000fcf00000,0x00000000fe77e290,0x00000000fe780000)
  to   space 25088K, 0% used [0x00000000fe780000,0x00000000fe780000,0x0000000100000000)
 ParOldGen       total 104448K, used 71694K [0x0000000081e00000, 0x0000000088400000, 0x00000000d5f80000)
  object space 104448K, 68% used [0x0000000081e00000,0x0000000086403b90,0x0000000088400000)
 Metaspace       used 95586K, capacity 96394K, committed 96920K, reserved 1134592K
  class space    used 12226K, capacity 12401K, committed 12456K, reserved 1048576K
}
Event: 24.053 GC heap before
{Heap before GC invocations=19 (full 3):
 PSYoungGen      total 663552K, used 158382K [0x00000000d5f80000, 0x0000000100000000, 0x0000000100000000)
  eden space 638464K, 20% used [0x00000000d5f80000,0x00000000de1ad8b0,0x00000000fcf00000)
  from space 25088K, 99% used [0x00000000fcf00000,0x00000000fe77e290,0x00000000fe780000)
  to   space 25088K, 0% used [0x00000000fe780000,0x00000000fe780000,0x0000000100000000)
 ParOldGen       total 104448K, used 71694K [0x0000000081e00000, 0x0000000088400000, 0x00000000d5f80000)
  object space 104448K, 68% used [0x0000000081e00000,0x0000000086403b90,0x0000000088400000)
 Metaspace       used 97429K, capacity 98208K, committed 98600K, reserved 1134592K
  class space    used 12446K, capacity 12628K, committed 12712K, reserved 1048576K
Event: 24.093 GC heap after
Heap after GC invocations=19 (full 3):
 PSYoungGen      total 641024K, used 5204K [0x00000000d5f80000, 0x0000000100000000, 0x0000000100000000)
  eden space 615936K, 0% used [0x00000000d5f80000,0x00000000d5f80000,0x00000000fb900000)
  from space 25088K, 20% used [0x00000000fe780000,0x00000000fec951d0,0x0000000100000000)
  to   space 36352K, 0% used [0x00000000fb900000,0x00000000fb900000,0x00000000fdc80000)
 ParOldGen       total 104448K, used 93982K [0x0000000081e00000, 0x0000000088400000, 0x00000000d5f80000)
  object space 104448K, 89% used [0x0000000081e00000,0x00000000879c7a88,0x0000000088400000)
 Metaspace       used 97429K, capacity 98208K, committed 98600K, reserved 1134592K
  class space    used 12446K, capacity 12628K, committed 12712K, reserved 1048576K
}
Event: 24.093 GC heap before
{Heap before GC invocations=20 (full 4):
 PSYoungGen      total 641024K, used 5204K [0x00000000d5f80000, 0x0000000100000000, 0x0000000100000000)
  eden space 615936K, 0% used [0x00000000d5f80000,0x00000000d5f80000,0x00000000fb900000)
  from space 25088K, 20% used [0x00000000fe780000,0x00000000fec951d0,0x0000000100000000)
  to   space 36352K, 0% used [0x00000000fb900000,0x00000000fb900000,0x00000000fdc80000)
 ParOldGen       total 104448K, used 93982K [0x0000000081e00000, 0x0000000088400000, 0x00000000d5f80000)
  object space 104448K, 89% used [0x0000000081e00000,0x00000000879c7a88,0x0000000088400000)
 Metaspace       used 97429K, capacity 98208K, committed 98600K, reserved 1134592K
  class space    used 12446K, capacity 12628K, committed 12712K, reserved 1048576K
Event: 24.380 GC heap after
Heap after GC invocations=20 (full 4):
 PSYoungGen      total 641024K, used 0K [0x00000000d5f80000, 0x0000000100000000, 0x0000000100000000)
  eden space 615936K, 0% used [0x00000000d5f80000,0x00000000d5f80000,0x00000000fb900000)
  from space 25088K, 0% used [0x00000000fe780000,0x00000000fe780000,0x0000000100000000)
  to   space 36352K, 0% used [0x00000000fb900000,0x00000000fb900000,0x00000000fdc80000)
 ParOldGen       total 167936K, used 69715K [0x0000000081e00000, 0x000000008c200000, 0x00000000d5f80000)
  object space 167936K, 41% used [0x0000000081e00000,0x0000000086214ff8,0x000000008c200000)
 Metaspace       used 97388K, capacity 98142K, committed 98600K, reserved 1134592K
  class space    used 12440K, capacity 12617K, committed 12712K, reserved 1048576K
}

