# JRE version: Java(TM) SE Runtime Environment (8.0_45-b15) (build 1.8.0_45-b15)
# Java VM: Java HotSpot(TM) 64-Bit Server VM (25.45-b02 mixed mode windows-amd64 compressed oops)
Heap:
 PSYoungGen      total 657408K, used 520887K [0x00000000d5f80000, 0x0000000100000000, 0x0000000100000000)
  eden space 625152K, 83% used [0x00000000d5f80000,0x00000000f5c2dec0,0x00000000fc200000)
  from space 32256K, 0% used [0x00000000fe080000,0x00000000fe080000,0x0000000100000000)
  to   space 31232K, 0% used [0x00000000fc200000,0x00000000fc200000,0x00000000fe080000)
 ParOldGen       total 237056K, used 73098K [0x0000000081e00000, 0x0000000090580000, 0x00000000d5f80000)
  object space 237056K, 30% used [0x0000000081e00000,0x0000000086562ad0,0x0000000090580000)
 Metaspace       used 97357K, capacity 98260K, committed 98732K, reserved 1134592K
  class space    used 12481K, capacity 12691K, committed 12800K, reserved 1048576K
GC Heap History (10 events):
Event: 12.638 GC heap before
{Heap before GC invocations=16 (full 3):
 PSYoungGen      total 490496K, used 10090K [0x00000000d5f80000, 0x00000000fac00000, 0x0000000100000000)
  eden space 471552K, 0% used [0x00000000d5f80000,0x00000000d5f80000,0x00000000f2c00000)
  from space 18944K, 53% used [0x00000000f2c00000,0x00000000f35da8c8,0x00000000f3e80000)
  to   space 18432K, 0% used [0x00000000f9a00000,0x00000000f9a00000,0x00000000fac00000)
 ParOldGen       total 100864K, used 38622K [0x0000000081e00000, 0x0000000088080000, 0x00000000d5f80000)
  object space 100864K, 38% used [0x0000000081e00000,0x00000000843b7948,0x0000000088080000)
 Metaspace       used 58374K, capacity 58714K, committed 59008K, reserved 1101824K
  class space    used 7441K, capacity 7523K, committed 7552K, reserved 1048576K
Event: 12.861 GC heap after
Heap after GC invocations=16 (full 3):
 PSYoungGen      total 490496K, used 0K [0x00000000d5f80000, 0x00000000fac00000, 0x0000000100000000)
  eden space 471552K, 0% used [0x00000000d5f80000,0x00000000d5f80000,0x00000000f2c00000)
  from space 18944K, 0% used [0x00000000f2c00000,0x00000000f2c00000,0x00000000f3e80000)
  to   space 18432K, 0% used [0x00000000f9a00000,0x00000000f9a00000,0x00000000fac00000)
 ParOldGen       total 152064K, used 38115K [0x0000000081e00000, 0x000000008b280000, 0x00000000d5f80000)
  object space 152064K, 25% used [0x0000000081e00000,0x0000000084338ea8,0x000000008b280000)
 Metaspace       used 58370K, capacity 58708K, committed 59008K, reserved 1101824K
  class space    used 7440K, capacity 7522K, committed 7552K, reserved 1048576K
}
Event: 15.672 GC heap before
{Heap before GC invocations=17 (full 3):
 PSYoungGen      total 490496K, used 471552K [0x00000000d5f80000, 0x00000000fac00000, 0x0000000100000000)
  eden space 471552K, 100% used [0x00000000d5f80000,0x00000000f2c00000,0x00000000f2c00000)
  from space 18944K, 0% used [0x00000000f2c00000,0x00000000f2c00000,0x00000000f3e80000)
  to   space 18432K, 0% used [0x00000000f9a00000,0x00000000f9a00000,0x00000000fac00000)
 ParOldGen       total 152064K, used 38115K [0x0000000081e00000, 0x000000008b280000, 0x00000000d5f80000)
  object space 152064K, 25% used [0x0000000081e00000,0x0000000084338ea8,0x000000008b280000)
 Metaspace       used 73264K, capacity 73700K, committed 74112K, reserved 1114112K
  class space    used 9501K, capacity 9590K, committed 9600K, reserved 1048576K
Event: 15.753 GC heap after
Heap after GC invocations=17 (full 3):
 PSYoungGen      total 579072K, used 18410K [0x00000000d5f80000, 0x00000000fb680000, 0x0000000100000000)
  eden space 560640K, 0% used [0x00000000d5f80000,0x00000000d5f80000,0x00000000f8300000)
  from space 18432K, 99% used [0x00000000f9a00000,0x00000000fabfa8f0,0x00000000fac00000)
  to   space 23552K, 0% used [0x00000000f8300000,0x00000000f8300000,0x00000000f9a00000)
 ParOldGen       total 152064K, used 45080K [0x0000000081e00000, 0x000000008b280000, 0x00000000d5f80000)
  object space 152064K, 29% used [0x0000000081e00000,0x0000000084a06380,0x000000008b280000)
 Metaspace       used 73264K, capacity 73700K, committed 74112K, reserved 1114112K
  class space    used 9501K, capacity 9590K, committed 9600K, reserved 1048576K
}
Event: 20.056 GC heap before
{Heap before GC invocations=18 (full 3):
 PSYoungGen      total 579072K, used 579050K [0x00000000d5f80000, 0x00000000fb680000, 0x0000000100000000)
  eden space 560640K, 100% used [0x00000000d5f80000,0x00000000f8300000,0x00000000f8300000)
  from space 18432K, 99% used [0x00000000f9a00000,0x00000000fabfa8f0,0x00000000fac00000)
  to   space 23552K, 0% used [0x00000000f8300000,0x00000000f8300000,0x00000000f9a00000)
 ParOldGen       total 152064K, used 45080K [0x0000000081e00000, 0x000000008b280000, 0x00000000d5f80000)
  object space 152064K, 29% used [0x0000000081e00000,0x0000000084a06380,0x000000008b280000)
 Metaspace       used 88403K, capacity 89058K, committed 89728K, reserved 1128448K
  class space    used 11398K, capacity 11556K, committed 11648K, reserved 1048576K
Event: 20.107 GC heap after
Heap after GC invocations=18 (full 3):
 PSYoungGen      total 584192K, used 23523K [0x00000000d5f80000, 0x0000000100000000, 0x0000000100000000)
  eden space 560640K, 0% used [0x00000000d5f80000,0x00000000d5f80000,0x00000000f8300000)
  from space 23552K, 99% used [0x00000000f8300000,0x00000000f99f8d30,0x00000000f9a00000)
  to   space 32256K, 0% used [0x00000000fe080000,0x00000000fe080000,0x0000000100000000)
 ParOldGen       total 152064K, used 59455K [0x0000000081e00000, 0x000000008b280000, 0x00000000d5f80000)
  object space 152064K, 39% used [0x0000000081e00000,0x000000008580fda8,0x000000008b280000)
 Metaspace       used 88403K, capacity 89058K, committed 89728K, reserved 1128448K
  class space    used 11398K, capacity 11556K, committed 11648K, reserved 1048576K
}
Event: 23.752 GC heap before
{Heap before GC invocations=19 (full 3):
 PSYoungGen      total 584192K, used 370947K [0x00000000d5f80000, 0x0000000100000000, 0x0000000100000000)
  eden space 560640K, 61% used [0x00000000d5f80000,0x00000000eb2c8070,0x00000000f8300000)
  from space 23552K, 99% used [0x00000000f8300000,0x00000000f99f8d30,0x00000000f9a00000)
  to   space 32256K, 0% used [0x00000000fe080000,0x00000000fe080000,0x0000000100000000)
 ParOldGen       total 152064K, used 59455K [0x0000000081e00000, 0x000000008b280000, 0x00000000d5f80000)
  object space 152064K, 39% used [0x0000000081e00000,0x000000008580fda8,0x000000008b280000)
 Metaspace       used 97111K, capacity 98028K, committed 98348K, reserved 1134592K
  class space    used 12463K, capacity 12668K, committed 12672K, reserved 1048576K
Event: 23.800 GC heap after
Heap after GC invocations=19 (full 3):
 PSYoungGen      total 657408K, used 16797K [0x00000000d5f80000, 0x0000000100000000, 0x0000000100000000)
  eden space 625152K, 0% used [0x00000000d5f80000,0x00000000d5f80000,0x00000000fc200000)
  from space 32256K, 52% used [0x00000000fe080000,0x00000000ff0e7468,0x0000000100000000)
  to   space 31232K, 0% used [0x00000000fc200000,0x00000000fc200000,0x00000000fe080000)
 ParOldGen       total 152064K, used 75933K [0x0000000081e00000, 0x000000008b280000, 0x00000000d5f80000)
  object space 152064K, 49% used [0x0000000081e00000,0x00000000868277b0,0x000000008b280000)
 Metaspace       used 97111K, capacity 98028K, committed 98348K, reserved 1134592K
  class space    used 12463K, capacity 12668K, committed 12672K, reserved 1048576K
}
Event: 23.800 GC heap before
{Heap before GC invocations=20 (full 4):
 PSYoungGen      total 657408K, used 16797K [0x00000000d5f80000, 0x0000000100000000, 0x0000000100000000)
  eden space 625152K, 0% used [0x00000000d5f80000,0x00000000d5f80000,0x00000000fc200000)
  from space 32256K, 52% used [0x00000000fe080000,0x00000000ff0e7468,0x0000000100000000)
  to   space 31232K, 0% used [0x00000000fc200000,0x00000000fc200000,0x00000000fe080000)
 ParOldGen       total 152064K, used 75933K [0x0000000081e00000, 0x000000008b280000, 0x00000000d5f80000)
  object space 152064K, 49% used [0x0000000081e00000,0x00000000868277b0,0x000000008b280000)
 Metaspace       used 97111K, capacity 98028K, committed 98348K, reserved 1134592K
  class space    used 12463K, capacity 12668K, committed 12672K, reserved 1048576K
Event: 24.025 GC heap after
Heap after GC invocations=20 (full 4):
 PSYoungGen      total 657408K, used 0K [0x00000000d5f80000, 0x0000000100000000, 0x0000000100000000)
  eden space 625152K, 0% used [0x00000000d5f80000,0x00000000d5f80000,0x00000000fc200000)
  from space 32256K, 0% used [0x00000000fe080000,0x00000000fe080000,0x0000000100000000)
  to   space 31232K, 0% used [0x00000000fc200000,0x00000000fc200000,0x00000000fe080000)
 ParOldGen       total 237056K, used 73098K [0x0000000081e00000, 0x0000000090580000, 0x00000000d5f80000)
  object space 237056K, 30% used [0x0000000081e00000,0x0000000086562ad0,0x0000000090580000)
 Metaspace       used 97070K, capacity 97962K, committed 98348K, reserved 1134592K
  class space    used 12457K, capacity 12657K, committed 12672K, reserved 1048576K
}

